<?xml version="1.0" encoding="UTF-8"?>
<!-- Generated by org.testng.reporters.JUnitReportReporter -->
<testsuite skipped="0" hostname="DESKTOP-I2674C6" name="com.testrunner.TestRunner" tests="1" failures="0" timestamp="06 Apr 2020 01:38:22 GMT" time="30.137" errors="0">
  <testcase name="feature" time="30.137" classname="com.testrunner.TestRunner"/>
</testsuite> <!-- com.testrunner.TestRunner -->
